
> wicys-sathyabama@1.0.0 dev
> next dev

 ⚠ Port 3000 is in use by process 9828, using available port 3003 instead.
   ▲ Next.js 15.5.14
   - Local:        http://localhost:3003
   - Network:      http://10.238.169.179:3003

 ✓ Starting...
 ✓ Ready in 9.1s
 ○ Compiling /obscura ...
 ✓ Compiled /obscura in 15.6s (1523 modules)
 ✓ Compiled in 1858ms (697 modules)
 GET /obscura 200 in 17684ms
 ✓ Compiled in 2.3s (1523 modules)
 ○ Compiling /_not-found ...
 ✓ Compiled /_not-found in 1619ms (1501 modules)
 GET /obscura 404 in 2241ms
 GET /obscura 200 in 1433ms
 ○ Compiling / ...
 ✓ Compiled / in 1828ms (1543 modules)
 GET / 200 in 2674ms
 ✓ Compiled in 1588ms (701 modules)
 GET /obscura 200 in 834ms
 GET /obscura 200 in 142ms
 ✓ Compiled in 1815ms (1543 modules)
 GET /obscura 200 in 371ms
 ✓ Compiled in 1239ms (1527 modules)
 GET /obscura 200 in 481ms
 ○ Compiling / ...
 ✓ Compiled / in 526ms (842 modules)
 GET / 200 in 2325ms
<w> [webpack.cache.PackFileCacheStrategy] Caching failed for pack: Error: ENOENT: no such file or directory, rename 'C:\Users\Rajesh.P\Downloads\Sist_WicysWebsitenew\.next\cache\webpack\client-development\0.pack.gz_' -> 'C:\Users\Rajesh.P\Downloads\Sist_WicysWebsitenew\.next\cache\webpack\client-development\0.pack.gz'
 GET / 200 in 305ms
